0 info it worked if it ends with ok
1 verbose cli [ 'node',
1 verbose cli   '/usr/local/bin/npm',
1 verbose cli   'install',
1 verbose cli   'phonegap',
1 verbose cli   'install',
1 verbose cli   'ios' ]
2 info using npm@1.3.19
3 info using node@v0.10.23
4 verbose cache add [ 'phonegap', null ]
5 verbose cache add name=undefined spec="phonegap" args=["phonegap",null]
6 verbose parsed url { protocol: null,
6 verbose parsed url   slashes: null,
6 verbose parsed url   auth: null,
6 verbose parsed url   host: null,
6 verbose parsed url   port: null,
6 verbose parsed url   hostname: null,
6 verbose parsed url   hash: null,
6 verbose parsed url   search: null,
6 verbose parsed url   query: null,
6 verbose parsed url   pathname: 'phonegap',
6 verbose parsed url   path: 'phonegap',
6 verbose parsed url   href: 'phonegap' }
7 verbose cache add [ 'install', null ]
8 verbose cache add name=undefined spec="install" args=["install",null]
9 verbose parsed url { protocol: null,
9 verbose parsed url   slashes: null,
9 verbose parsed url   auth: null,
9 verbose parsed url   host: null,
9 verbose parsed url   port: null,
9 verbose parsed url   hostname: null,
9 verbose parsed url   hash: null,
9 verbose parsed url   search: null,
9 verbose parsed url   query: null,
9 verbose parsed url   pathname: 'install',
9 verbose parsed url   path: 'install',
9 verbose parsed url   href: 'install' }
10 verbose cache add [ 'ios', null ]
11 verbose cache add name=undefined spec="ios" args=["ios",null]
12 verbose parsed url { protocol: null,
12 verbose parsed url   slashes: null,
12 verbose parsed url   auth: null,
12 verbose parsed url   host: null,
12 verbose parsed url   port: null,
12 verbose parsed url   hostname: null,
12 verbose parsed url   hash: null,
12 verbose parsed url   search: null,
12 verbose parsed url   query: null,
12 verbose parsed url   pathname: 'ios',
12 verbose parsed url   path: 'ios',
12 verbose parsed url   href: 'ios' }
13 silly lockFile 10db903f-phonegap phonegap
14 verbose lock phonegap /Users/tlanticsi/.npm/10db903f-phonegap.lock
15 silly lockFile 89fb511f-install install
16 verbose lock install /Users/tlanticsi/.npm/89fb511f-install.lock
17 silly lockFile 0f8d2573-ios ios
18 verbose lock ios /Users/tlanticsi/.npm/0f8d2573-ios.lock
19 silly lockFile 10db903f-phonegap phonegap
20 silly lockFile 10db903f-phonegap phonegap
21 silly lockFile 89fb511f-install install
22 silly lockFile 89fb511f-install install
23 silly lockFile 0f8d2573-ios ios
24 silly lockFile 0f8d2573-ios ios
25 verbose addNamed [ 'phonegap', '' ]
26 verbose addNamed [ null, '*' ]
27 silly lockFile 3a6257f3-phonegap phonegap@
28 verbose lock phonegap@ /Users/tlanticsi/.npm/3a6257f3-phonegap.lock
29 verbose addNamed [ 'install', '' ]
30 verbose addNamed [ null, '*' ]
31 silly lockFile cadb329f-install install@
32 verbose lock install@ /Users/tlanticsi/.npm/cadb329f-install.lock
33 verbose addNamed [ 'ios', '' ]
34 verbose addNamed [ null, '*' ]
35 silly lockFile 615198a1-ios ios@
36 verbose lock ios@ /Users/tlanticsi/.npm/615198a1-ios.lock
37 silly addNameRange { name: 'phonegap', range: '*', hasData: false }
38 silly addNameRange { name: 'ios', range: '*', hasData: false }
39 verbose url raw ios
40 verbose url resolving [ 'https://registry.npmjs.org/', './ios' ]
41 verbose url resolved https://registry.npmjs.org/ios
42 info trying registry request attempt 1 at 09:43:06
43 http GET https://registry.npmjs.org/ios
44 silly addNameRange { name: 'install', range: '*', hasData: false }
45 verbose url raw install
46 verbose url resolving [ 'https://registry.npmjs.org/', './install' ]
47 verbose url resolved https://registry.npmjs.org/install
48 info trying registry request attempt 1 at 09:43:07
49 http GET https://registry.npmjs.org/install
50 verbose url raw phonegap
51 verbose url resolving [ 'https://registry.npmjs.org/', './phonegap' ]
52 verbose url resolved https://registry.npmjs.org/phonegap
53 info trying registry request attempt 1 at 09:43:07
54 verbose etag "1Z22KADGTIITLJHFXSVPK0AW5"
55 http GET https://registry.npmjs.org/phonegap
56 http 404 https://registry.npmjs.org/ios
57 silly registry.get cb [ 404,
57 silly registry.get   { server: 'CouchDB/1.3.1 (Erlang OTP/R15B03)',
57 silly registry.get     date: 'Fri, 20 Dec 2013 09:39:28 GMT',
57 silly registry.get     'content-type': 'application/json',
57 silly registry.get     'content-length': '52',
57 silly registry.get     'cache-control': 'must-revalidate' } ]
58 silly lockFile 615198a1-ios ios@
59 silly lockFile 615198a1-ios ios@
60 error 404 'ios' is not in the npm registry.
60 error 404 You should bug the author to publish it
60 error 404
60 error 404 Note that you can also install from a
60 error 404 tarball, folder, or http url, or git url.
61 error System Darwin 13.0.0
62 error command "node" "/usr/local/bin/npm" "install" "phonegap" "install" "ios"
63 error cwd /Users/tlanticsi/workspace/phonegap-fixed-layout
64 error node -v v0.10.23
65 error npm -v 1.3.19
66 error code E404
67 verbose exit [ 1, true ]
